0 info it worked if it ends with ok
1 verbose cli [ '/Users/randyferrer/.nvm/versions/node/v6.3.0/bin/node',
1 verbose cli   '/Users/randyferrer/.node/bin/npm',
1 verbose cli   'run',
1 verbose cli   'db:start' ]
2 info using npm@3.3.5
3 info using node@v6.3.0
4 verbose config Skipping project config: /Users/randyferrer/.npmrc. (matches userconfig)
5 verbose stack Error: ENOENT: no such file or directory, open '/Users/randyferrer/package.json'
5 verbose stack     at Error (native)
6 verbose cwd /Users/randyferrer/Documents/Projects/building-products-with-js
7 error Darwin 15.6.0
8 error argv "/Users/randyferrer/.nvm/versions/node/v6.3.0/bin/node" "/Users/randyferrer/.node/bin/npm" "run" "db:start"
9 error node v6.3.0
10 error npm  v3.3.5
11 error path /Users/randyferrer/package.json
12 error code ENOENT
13 error errno -2
14 error syscall open
15 error enoent ENOENT: no such file or directory, open '/Users/randyferrer/package.json'
15 error enoent This is most likely not a problem with npm itself
15 error enoent and is related to npm not being able to find a file.
16 verbose exit [ -2, true ]
